0 info it worked if it ends with ok
1 verbose cli [ '/usr/local/opt/nvm/versions/node/v0.12.2/bin/node',
1 verbose cli   '/usr/local/opt/nvm/versions/node/v0.12.2/bin/npm',
1 verbose cli   'start' ]
2 info using npm@2.7.4
3 info using node@v0.12.2
4 verbose node symlink /usr/local/opt/nvm/versions/node/v0.12.2/bin/node
5 verbose stack Error: ENOENT, open '/Users/wwwcusaw/Documents/nodeapp/LendingZone/package.json'
5 verbose stack     at Error (native)
6 verbose cwd /Users/wwwcusaw/Documents/nodeapp/LendingZone
7 error Darwin 13.4.0
8 error argv "/usr/local/opt/nvm/versions/node/v0.12.2/bin/node" "/usr/local/opt/nvm/versions/node/v0.12.2/bin/npm" "start"
9 error node v0.12.2
10 error npm  v2.7.4
11 error path /Users/wwwcusaw/Documents/nodeapp/LendingZone/package.json
12 error code ENOENT
13 error errno -2
14 error enoent ENOENT, open '/Users/wwwcusaw/Documents/nodeapp/LendingZone/package.json'
14 error enoent This is most likely not a problem with npm itself
14 error enoent and is related to npm not being able to find a file.
15 verbose exit [ -2, true ]
